<?xml version="1.0" encoding="UTF-8"?>
<!-- Generated by org.testng.reporters.JUnitReportReporter -->
<testsuite skipped="0" hostname="MorsVinciOmnia" name="com.Maven.MavenTest" tests="1" failures="0" timestamp="02 Dec 2018 17:02:11 GMT" time="0.012" errors="0">
  <testcase name="hello" time="0.012" classname="com.Maven.MavenTest"/>
</testsuite> <!-- com.Maven.MavenTest -->
