<?xml version="1.0" encoding="UTF-8"?>
<!-- Generated by org.testng.reporters.JUnitReportReporter -->
<testsuite skipped="0" hostname="MorsVinciOmnia" name="com.Maven.BaseClass" tests="1" failures="0" timestamp="09 Dec 2018 15:24:16 GMT" time="2.016" errors="0">
  <testcase name="setUp" time="2.016" classname="com.Maven.BaseClass"/>
</testsuite> <!-- com.Maven.BaseClass -->
