<?xml version="1.0" encoding="UTF-8"?>
<!-- Generated by org.testng.reporters.JUnitReportReporter -->
<testsuite skipped="0" hostname="MorsVinciOmnia" name="com.Maven.BaseClass" tests="1" failures="0" timestamp="05 Dec 2018 01:35:56 GMT" time="7.923" errors="0">
  <testcase name="setUp" time="7.923" classname="com.Maven.BaseClass"/>
</testsuite> <!-- com.Maven.BaseClass -->
